chunk-FZJ5EKZI.js:1 The AudioContext was not allowed to start. It must be resumed (or created) after a user gesture on the page. https://goo.gl/7K7WLu
U @ chunk-FZJ5EKZI.js:1
(anonymous) @ chunk-FZJ5EKZI.js:1
Show 2 more frames
Show less
chunk-I7CABPHU.js:120 The AudioContext was not allowed to start. It must be resumed (or created) after a user gesture on the page. https://goo.gl/7K7WLu
xK @ chunk-I7CABPHU.js:120
(anonymous) @ chunk-I7CABPHU.js:120
Show 2 more frames
Show less
dashboard.js:317 Recording container and its children elements created.
recorderController.js:19 RecorderController initialized
main.js:39 User signed in: FJ8vNXy7EpVB2lOsWTlXtKuOFCi2
dashboard.js:131 Loading recordings for user: FJ8vNXy7EpVB2lOsWTlXtKuOFCi2
dashboard.js:133 Recordings fetched successfully: (4) [{…}, {…}, {…}, {…}]
dashboard.js:144 Creating sortable table with recordings data.
dashboard.js:239 Initializing sorting for the table.
dashboard.js:239 Initializing sorting for the table.
dashboard.js:232 Sortable table created and appended to the dashboard container.
undefined:1 
        
        
       GET http://localhost:3000/undefined 404 (Not Found)
Image (async)
(anonymous) @ dashboard.js:178
createSortableTable @ dashboard.js:172
loadAndDisplayRecordings @ dashboard.js:134
await in loadAndDisplayRecordings (async)
(anonymous) @ main.js:42
(anonymous) @ auth_impl.ts:681
Promise.then (async)
registerStateListener @ auth_impl.ts:681
onAuthStateChanged @ auth_impl.ts:482
onAuthStateChanged @ index.ts:210
(anonymous) @ main.js:36
main.js:77 New recording setup initiated for user: FJ8vNXy7EpVB2lOsWTlXtKuOFCi2
optionsSettings.js:22 Selected options: {audio: 'none', video: 'screen-camera'}
main.js:60 video option selected: screen-camera
optionsSettings.js:22 Selected options: {audio: 'microphone', video: 'screen-camera'}
main.js:60 audio option selected: microphone
recorderController.js:31 Starting recording with options: {video: 'screen-camera', audio: 'microphone'}
main.js:100 Recording started with options: {video: 'screen-camera', audio: 'microphone'}
recorderController.js:162 Preview updated
recorderController.js:54 Recording started
main.js:108 Stop recording button clicked
recorderController.js:67 Recording stopped
main.js:116 Refreshing the dashboard for user: FJ8vNXy7EpVB2lOsWTlXtKuOFCi2
dashboard.js:131 Loading recordings for user: FJ8vNXy7EpVB2lOsWTlXtKuOFCi2
recorderController.js:75 Recording stopped. Blob created.
firebase.js:110 Uploading recording for user: FJ8vNXy7EpVB2lOsWTlXtKuOFCi2
dashboard.js:133 Recordings fetched successfully: (4) [{…}, {…}, {…}, {…}]
dashboard.js:144 Creating sortable table with recordings data.
dashboard.js:239 Initializing sorting for the table.
dashboard.js:239 Initializing sorting for the table.
dashboard.js:232 Sortable table created and appended to the dashboard container.
undefined:1 
        
        
       GET http://localhost:3000/undefined 404 (Not Found)
Image (async)
(anonymous) @ dashboard.js:178
createSortableTable @ dashboard.js:172
loadAndDisplayRecordings @ dashboard.js:134
await in loadAndDisplayRecordings (async)
(anonymous) @ main.js:117
firebase.js:119 Recording uploaded to Storage: recordings/FJ8vNXy7EpVB2lOsWTlXtKuOFCi2/ssr-1703933877269.webm
firebase.js:123 Recording download URL: https://firebasestorage.googleapis.com/v0/b/soloscreenrecord.appspot.com/o/recordings%2FFJ8vNXy7EpVB2lOsWTlXtKuOFCi2%2Fssr-1703933877269.webm?alt=media&token=7b3e0070-4ff1-42cc-926b-585d822b82a1
firebase.js:178 Thumbnail uploaded to Storage: thumbnails/FJ8vNXy7EpVB2lOsWTlXtKuOFCi2/thumbnail-1703933877269.jpg
firebase.js:182 Thumbnail download URL: https://firebasestorage.googleapis.com/v0/b/soloscreenrecord.appspot.com/o/thumbnails%2FFJ8vNXy7EpVB2lOsWTlXtKuOFCi2%2Fthumbnail-1703933877269.jpg?alt=media&token=d4bb5648-a70b-41b6-b91a-c7033737477f
firebase.js:140 Recording metadata saved to Firestore with thumbnail: 7anFcZif1o4PGXozBhZE
recorderController.js:104 Recording uploaded successfully. Refreshing dashboard...
dashboard.js:131 Loading recordings for user: FJ8vNXy7EpVB2lOsWTlXtKuOFCi2
dashboard.js:133 Recordings fetched successfully: (5) [{…}, {…}, {…}, {…}, {…}]
dashboard.js:144 Creating sortable table with recordings data.
dashboard.js:239 Initializing sorting for the table.
dashboard.js:239 Initializing sorting for the table.
dashboard.js:232 Sortable table created and appended to the dashboard container.
recorderController.js:83 Recording saved and dashboard refreshed
dashboard.js:131 Loading recordings for user: FJ8vNXy7EpVB2lOsWTlXtKuOFCi2
undefined:1 
        
        
       GET http://localhost:3000/undefined 404 (Not Found)
Image (async)
(anonymous) @ dashboard.js:178
createSortableTable @ dashboard.js:172
loadAndDisplayRecordings @ dashboard.js:134
await in loadAndDisplayRecordings (async)
saveRecordingToFirebase @ recorderController.js:106
await in saveRecordingToFirebase (async)
onRecordingStop @ recorderController.js:81
dashboard.js:133 Recordings fetched successfully: (5) [{…}, {…}, {…}, {…}, {…}]
dashboard.js:144 Creating sortable table with recordings data.
dashboard.js:239 Initializing sorting for the table.
dashboard.js:239 Initializing sorting for the table.
dashboard.js:232 Sortable table created and appended to the dashboard container.
undefined:1 
        
        
       GET http://localhost:3000/undefined 404 (Not Found)
Image (async)
(anonymous) @ dashboard.js:178
createSortableTable @ dashboard.js:172
loadAndDisplayRecordings @ dashboard.js:134
await in loadAndDisplayRecordings (async)
(anonymous) @ recorderController.js:86
Promise.then (async)
onRecordingStop @ recorderController.js:82
